# JRE version: OpenJDK Runtime Environment (8.0_171-b11) (build 1.8.0_171-8u171-b11-0ubuntu0.17.10.1-b11)
# Java VM: OpenJDK 64-Bit Server VM (25.171-b11 mixed mode linux-amd64 compressed oops)
Heap:
 PSYoungGen      total 262656K, used 7392K [0x00000000d7000000, 0x00000000e7d00000, 0x0000000100000000)
  eden space 251904K, 0% used [0x00000000d7000000,0x00000000d7000000,0x00000000e6600000)
  from space 10752K, 68% used [0x00000000e6600000,0x00000000e6d38000,0x00000000e7080000)
  to   space 8704K, 0% used [0x00000000e7080000,0x00000000e7080000,0x00000000e7900000)
 ParOldGen       total 84992K, used 10635K [0x0000000085000000, 0x000000008a300000, 0x00000000d7000000)
  object space 84992K, 12% used [0x0000000085000000,0x0000000085a62ed0,0x000000008a300000)
 Metaspace       used 20679K, capacity 21070K, committed 21248K, reserved 1067008K
  class space    used 2584K, capacity 2721K, committed 2816K, reserved 1048576K
GC Heap History (10 events):
Event: 17.935 GC heap after
Heap after GC invocations=4 (full 0):
 PSYoungGen      total 68608K, used 5100K [0x00000000d7000000, 0x00000000db800000, 0x0000000100000000)
  eden space 63488K, 0% used [0x00000000d7000000,0x00000000d7000000,0x00000000dae00000)
  from space 5120K, 99% used [0x00000000db300000,0x00000000db7fb230,0x00000000db800000)
  to   space 5120K, 0% used [0x00000000dae00000,0x00000000dae00000,0x00000000db300000)
 ParOldGen       total 84992K, used 575K [0x0000000085000000, 0x000000008a300000, 0x00000000d7000000)
  object space 84992K, 0% used [0x0000000085000000,0x000000008508ff98,0x000000008a300000)
 Metaspace       used 14649K, capacity 14814K, committed 14976K, reserved 1062912K
  class space    used 1799K, capacity 1866K, committed 1920K, reserved 1048576K
}
Event: 23.278 GC heap before
{Heap before GC invocations=5 (full 0):
 PSYoungGen      total 68608K, used 68588K [0x00000000d7000000, 0x00000000db800000, 0x0000000100000000)
  eden space 63488K, 100% used [0x00000000d7000000,0x00000000dae00000,0x00000000dae00000)
  from space 5120K, 99% used [0x00000000db300000,0x00000000db7fb230,0x00000000db800000)
  to   space 5120K, 0% used [0x00000000dae00000,0x00000000dae00000,0x00000000db300000)
 ParOldGen       total 84992K, used 575K [0x0000000085000000, 0x000000008a300000, 0x00000000d7000000)
  object space 84992K, 0% used [0x0000000085000000,0x000000008508ff98,0x000000008a300000)
 Metaspace       used 17265K, capacity 17524K, committed 17920K, reserved 1064960K
  class space    used 2097K, capacity 2191K, committed 2304K, reserved 1048576K
Event: 23.879 GC heap after
Heap after GC invocations=5 (full 0):
 PSYoungGen      total 68608K, used 5090K [0x00000000d7000000, 0x00000000dfc00000, 0x0000000100000000)
  eden space 63488K, 0% used [0x00000000d7000000,0x00000000d7000000,0x00000000dae00000)
  from space 5120K, 99% used [0x00000000dae00000,0x00000000db2f8950,0x00000000db300000)
  to   space 8192K, 0% used [0x00000000df400000,0x00000000df400000,0x00000000dfc00000)
 ParOldGen       total 84992K, used 3902K [0x0000000085000000, 0x000000008a300000, 0x00000000d7000000)
  object space 84992K, 4% used [0x0000000085000000,0x00000000853cf9e0,0x000000008a300000)
 Metaspace       used 17265K, capacity 17524K, committed 17920K, reserved 1064960K
  class space    used 2097K, capacity 2191K, committed 2304K, reserved 1048576K
}
Event: 29.068 GC heap before
{Heap before GC invocations=6 (full 0):
 PSYoungGen      total 68608K, used 68578K [0x00000000d7000000, 0x00000000dfc00000, 0x0000000100000000)
  eden space 63488K, 100% used [0x00000000d7000000,0x00000000dae00000,0x00000000dae00000)
  from space 5120K, 99% used [0x00000000dae00000,0x00000000db2f8950,0x00000000db300000)
  to   space 8192K, 0% used [0x00000000df400000,0x00000000df400000,0x00000000dfc00000)
 ParOldGen       total 84992K, used 3902K [0x0000000085000000, 0x000000008a300000, 0x00000000d7000000)
  object space 84992K, 4% used [0x0000000085000000,0x00000000853cf9e0,0x000000008a300000)
 Metaspace       used 17313K, capacity 17626K, committed 17920K, reserved 1064960K
  class space    used 2108K, capacity 2224K, committed 2304K, reserved 1048576K
Event: 29.076 GC heap after
Heap after GC invocations=6 (full 0):
 PSYoungGen      total 134144K, used 5562K [0x00000000d7000000, 0x00000000dfb00000, 0x0000000100000000)
  eden space 126976K, 0% used [0x00000000d7000000,0x00000000d7000000,0x00000000dec00000)
  from space 7168K, 77% used [0x00000000df400000,0x00000000df96ea20,0x00000000dfb00000)
  to   space 7680K, 0% used [0x00000000dec00000,0x00000000dec00000,0x00000000df380000)
 ParOldGen       total 84992K, used 3910K [0x0000000085000000, 0x000000008a300000, 0x00000000d7000000)
  object space 84992K, 4% used [0x0000000085000000,0x00000000853d19e0,0x000000008a300000)
 Metaspace       used 17313K, capacity 17626K, committed 17920K, reserved 1064960K
  class space    used 2108K, capacity 2224K, committed 2304K, reserved 1048576K
}
Event: 31.616 GC heap before
{Heap before GC invocations=7 (full 0):
 PSYoungGen      total 134144K, used 132538K [0x00000000d7000000, 0x00000000dfb00000, 0x0000000100000000)
  eden space 126976K, 100% used [0x00000000d7000000,0x00000000dec00000,0x00000000dec00000)
  from space 7168K, 77% used [0x00000000df400000,0x00000000df96ea20,0x00000000dfb00000)
  to   space 7680K, 0% used [0x00000000dec00000,0x00000000dec00000,0x00000000df380000)
 ParOldGen       total 84992K, used 3910K [0x0000000085000000, 0x000000008a300000, 0x00000000d7000000)
  object space 84992K, 4% used [0x0000000085000000,0x00000000853d19e0,0x000000008a300000)
 Metaspace       used 19123K, capacity 19422K, committed 19712K, reserved 1067008K
  class space    used 2348K, capacity 2457K, committed 2560K, reserved 1048576K
Event: 31.627 GC heap after
Heap after GC invocations=7 (full 0):
 PSYoungGen      total 134656K, used 7663K [0x00000000d7000000, 0x00000000e7900000, 0x0000000100000000)
  eden space 126976K, 0% used [0x00000000d7000000,0x00000000d7000000,0x00000000dec00000)
  from space 7680K, 99% used [0x00000000dec00000,0x00000000df37bd98,0x00000000df380000)
  to   space 8704K, 0% used [0x00000000e7080000,0x00000000e7080000,0x00000000e7900000)
 ParOldGen       total 84992K, used 5795K [0x0000000085000000, 0x000000008a300000, 0x00000000d7000000)
  object space 84992K, 6% used [0x0000000085000000,0x00000000855a8d50,0x000000008a300000)
 Metaspace       used 19123K, capacity 19422K, committed 19712K, reserved 1067008K
  class space    used 2348K, capacity 2457K, committed 2560K, reserved 1048576K
}
Event: 33.859 GC heap before
{Heap before GC invocations=8 (full 0):
 PSYoungGen      total 134656K, used 134639K [0x00000000d7000000, 0x00000000e7900000, 0x0000000100000000)
  eden space 126976K, 100% used [0x00000000d7000000,0x00000000dec00000,0x00000000dec00000)
  from space 7680K, 99% used [0x00000000dec00000,0x00000000df37bd98,0x00000000df380000)
  to   space 8704K, 0% used [0x00000000e7080000,0x00000000e7080000,0x00000000e7900000)
 ParOldGen       total 84992K, used 5795K [0x0000000085000000, 0x000000008a300000, 0x00000000d7000000)
  object space 84992K, 6% used [0x0000000085000000,0x00000000855a8d50,0x000000008a300000)
 Metaspace       used 20582K, capacity 20878K, committed 21120K, reserved 1067008K
  class space    used 2568K, capacity 2657K, committed 2688K, reserved 1048576K
Event: 33.875 GC heap after
Heap after GC invocations=8 (full 0):
 PSYoungGen      total 260608K, used 8692K [0x00000000d7000000, 0x00000000e7d00000, 0x0000000100000000)
  eden space 251904K, 0% used [0x00000000d7000000,0x00000000d7000000,0x00000000e6600000)
  from space 8704K, 99% used [0x00000000e7080000,0x00000000e78fd258,0x00000000e7900000)
  to   space 10752K, 0% used [0x00000000e6600000,0x00000000e6600000,0x00000000e7080000)
 ParOldGen       total 84992K, used 8347K [0x0000000085000000, 0x000000008a300000, 0x00000000d7000000)
  object space 84992K, 9% used [0x0000000085000000,0x0000000085826e98,0x000000008a300000)
 Metaspace       used 20582K, capacity 20878K, committed 21120K, reserved 1067008K
  class space    used 2568K, capacity 2657K, committed 2688K, reserved 1048576K
}
Event: 35.504 GC heap before
{Heap before GC invocations=9 (full 0):
 PSYoungGen      total 260608K, used 260596K [0x00000000d7000000, 0x00000000e7d00000, 0x0000000100000000)
  eden space 251904K, 100% used [0x00000000d7000000,0x00000000e6600000,0x00000000e6600000)
  from space 8704K, 99% used [0x00000000e7080000,0x00000000e78fd258,0x00000000e7900000)
  to   space 10752K, 0% used [0x00000000e6600000,0x00000000e6600000,0x00000000e7080000)
 ParOldGen       total 84992K, used 8347K [0x0000000085000000, 0x000000008a300000, 0x00000000d7000000)
  object space 84992K, 9% used [0x0000000085000000,0x0000000085826e98,0x000000008a300000)
 Metaspace       used 20679K, capacity 21070K, committed 21248K, reserved 1067008K
  class space    used 2584K, capacity 2721K, committed 2816K, reserved 1048576K

