# JRE version: OpenJDK Runtime Environment (8.0_171-b11) (build 1.8.0_171-8u171-b11-0ubuntu0.17.10.1-b11)
# Java VM: OpenJDK 64-Bit Server VM (25.171-b11 mixed mode linux-amd64 compressed oops)
Heap:
 PSYoungGen      total 262656K, used 7936K [0x00000000d7000000, 0x00000000e7d00000, 0x0000000100000000)
  eden space 251904K, 0% used [0x00000000d7000000,0x00000000d7000000,0x00000000e6600000)
  from space 10752K, 73% used [0x00000000e6600000,0x00000000e6dc0000,0x00000000e7080000)
  to   space 8704K, 0% used [0x00000000e7080000,0x00000000e7080000,0x00000000e7900000)
 ParOldGen       total 84992K, used 10483K [0x0000000085000000, 0x000000008a300000, 0x00000000d7000000)
  object space 84992K, 12% used [0x0000000085000000,0x0000000085a3cc60,0x000000008a300000)
 Metaspace       used 20658K, capacity 21006K, committed 21248K, reserved 1067008K
  class space    used 2584K, capacity 2721K, committed 2816K, reserved 1048576K
GC Heap History (10 events):
Event: 14.280 GC heap after
Heap after GC invocations=4 (full 0):
 PSYoungGen      total 68608K, used 5107K [0x00000000d7000000, 0x00000000db800000, 0x0000000100000000)
  eden space 63488K, 0% used [0x00000000d7000000,0x00000000d7000000,0x00000000dae00000)
  from space 5120K, 99% used [0x00000000db300000,0x00000000db7fce40,0x00000000db800000)
  to   space 5120K, 0% used [0x00000000dae00000,0x00000000dae00000,0x00000000db300000)
 ParOldGen       total 84992K, used 593K [0x0000000085000000, 0x000000008a300000, 0x00000000d7000000)
  object space 84992K, 0% used [0x0000000085000000,0x0000000085094590,0x000000008a300000)
 Metaspace       used 15118K, capacity 15326K, committed 15616K, reserved 1062912K
  class space    used 1851K, capacity 1930K, committed 2048K, reserved 1048576K
}
Event: 21.857 GC heap before
{Heap before GC invocations=5 (full 0):
 PSYoungGen      total 68608K, used 68595K [0x00000000d7000000, 0x00000000db800000, 0x0000000100000000)
  eden space 63488K, 100% used [0x00000000d7000000,0x00000000dae00000,0x00000000dae00000)
  from space 5120K, 99% used [0x00000000db300000,0x00000000db7fce40,0x00000000db800000)
  to   space 5120K, 0% used [0x00000000dae00000,0x00000000dae00000,0x00000000db300000)
 ParOldGen       total 84992K, used 593K [0x0000000085000000, 0x000000008a300000, 0x00000000d7000000)
  object space 84992K, 0% used [0x0000000085000000,0x0000000085094590,0x000000008a300000)
 Metaspace       used 17225K, capacity 17524K, committed 17664K, reserved 1064960K
  class space    used 2096K, capacity 2191K, committed 2304K, reserved 1048576K
Event: 21.879 GC heap after
Heap after GC invocations=5 (full 0):
 PSYoungGen      total 68608K, used 5090K [0x00000000d7000000, 0x00000000dfc00000, 0x0000000100000000)
  eden space 63488K, 0% used [0x00000000d7000000,0x00000000d7000000,0x00000000dae00000)
  from space 5120K, 99% used [0x00000000dae00000,0x00000000db2f8970,0x00000000db300000)
  to   space 8192K, 0% used [0x00000000df400000,0x00000000df400000,0x00000000dfc00000)
 ParOldGen       total 84992K, used 4027K [0x0000000085000000, 0x000000008a300000, 0x00000000d7000000)
  object space 84992K, 4% used [0x0000000085000000,0x00000000853eed38,0x000000008a300000)
 Metaspace       used 17225K, capacity 17524K, committed 17664K, reserved 1064960K
  class space    used 2096K, capacity 2191K, committed 2304K, reserved 1048576K
}
Event: 32.302 GC heap before
{Heap before GC invocations=6 (full 0):
 PSYoungGen      total 68608K, used 68578K [0x00000000d7000000, 0x00000000dfc00000, 0x0000000100000000)
  eden space 63488K, 100% used [0x00000000d7000000,0x00000000dae00000,0x00000000dae00000)
  from space 5120K, 99% used [0x00000000dae00000,0x00000000db2f8970,0x00000000db300000)
  to   space 8192K, 0% used [0x00000000df400000,0x00000000df400000,0x00000000dfc00000)
 ParOldGen       total 84992K, used 4027K [0x0000000085000000, 0x000000008a300000, 0x00000000d7000000)
  object space 84992K, 4% used [0x0000000085000000,0x00000000853eed38,0x000000008a300000)
 Metaspace       used 17274K, capacity 17562K, committed 17664K, reserved 1064960K
  class space    used 2107K, capacity 2224K, committed 2304K, reserved 1048576K
Event: 32.349 GC heap after
Heap after GC invocations=6 (full 0):
 PSYoungGen      total 135168K, used 5305K [0x00000000d7000000, 0x00000000dfc00000, 0x0000000100000000)
  eden space 126976K, 0% used [0x00000000d7000000,0x00000000d7000000,0x00000000dec00000)
  from space 8192K, 64% used [0x00000000df400000,0x00000000df92e530,0x00000000dfc00000)
  to   space 8192K, 0% used [0x00000000dec00000,0x00000000dec00000,0x00000000df400000)
 ParOldGen       total 84992K, used 4035K [0x0000000085000000, 0x000000008a300000, 0x00000000d7000000)
  object space 84992K, 4% used [0x0000000085000000,0x00000000853f0d38,0x000000008a300000)
 Metaspace       used 17274K, capacity 17562K, committed 17664K, reserved 1064960K
  class space    used 2107K, capacity 2224K, committed 2304K, reserved 1048576K
}
Event: 49.239 GC heap before
{Heap before GC invocations=7 (full 0):
 PSYoungGen      total 135168K, used 132281K [0x00000000d7000000, 0x00000000dfc00000, 0x0000000100000000)
  eden space 126976K, 100% used [0x00000000d7000000,0x00000000dec00000,0x00000000dec00000)
  from space 8192K, 64% used [0x00000000df400000,0x00000000df92e530,0x00000000dfc00000)
  to   space 8192K, 0% used [0x00000000dec00000,0x00000000dec00000,0x00000000df400000)
 ParOldGen       total 84992K, used 4035K [0x0000000085000000, 0x000000008a300000, 0x00000000d7000000)
  object space 84992K, 4% used [0x0000000085000000,0x00000000853f0d38,0x000000008a300000)
 Metaspace       used 19082K, capacity 19422K, committed 19712K, reserved 1067008K
  class space    used 2344K, capacity 2457K, committed 2560K, reserved 1048576K
Event: 51.366 GC heap after
Heap after GC invocations=7 (full 0):
 PSYoungGen      total 135168K, used 7500K [0x00000000d7000000, 0x00000000e7900000, 0x0000000100000000)
  eden space 126976K, 0% used [0x00000000d7000000,0x00000000d7000000,0x00000000dec00000)
  from space 8192K, 91% used [0x00000000dec00000,0x00000000df3532a8,0x00000000df400000)
  to   space 8704K, 0% used [0x00000000e7080000,0x00000000e7080000,0x00000000e7900000)
 ParOldGen       total 84992K, used 5917K [0x0000000085000000, 0x000000008a300000, 0x00000000d7000000)
  object space 84992K, 6% used [0x0000000085000000,0x00000000855c77a0,0x000000008a300000)
 Metaspace       used 19082K, capacity 19422K, committed 19712K, reserved 1067008K
  class space    used 2344K, capacity 2457K, committed 2560K, reserved 1048576K
}
Event: 57.552 GC heap before
{Heap before GC invocations=8 (full 0):
 PSYoungGen      total 135168K, used 134476K [0x00000000d7000000, 0x00000000e7900000, 0x0000000100000000)
  eden space 126976K, 100% used [0x00000000d7000000,0x00000000dec00000,0x00000000dec00000)
  from space 8192K, 91% used [0x00000000dec00000,0x00000000df3532a8,0x00000000df400000)
  to   space 8704K, 0% used [0x00000000e7080000,0x00000000e7080000,0x00000000e7900000)
 ParOldGen       total 84992K, used 5917K [0x0000000085000000, 0x000000008a300000, 0x00000000d7000000)
  object space 84992K, 6% used [0x0000000085000000,0x00000000855c77a0,0x000000008a300000)
 Metaspace       used 20584K, capacity 20878K, committed 21120K, reserved 1067008K
  class space    used 2569K, capacity 2657K, committed 2688K, reserved 1048576K
Event: 57.601 GC heap after
Heap after GC invocations=8 (full 0):
 PSYoungGen      total 260608K, used 8694K [0x00000000d7000000, 0x00000000e7d00000, 0x0000000100000000)
  eden space 251904K, 0% used [0x00000000d7000000,0x00000000d7000000,0x00000000e6600000)
  from space 8704K, 99% used [0x00000000e7080000,0x00000000e78fdbd8,0x00000000e7900000)
  to   space 10752K, 0% used [0x00000000e6600000,0x00000000e6600000,0x00000000e7080000)
 ParOldGen       total 84992K, used 8343K [0x0000000085000000, 0x000000008a300000, 0x00000000d7000000)
  object space 84992K, 9% used [0x0000000085000000,0x0000000085825cc0,0x000000008a300000)
 Metaspace       used 20584K, capacity 20878K, committed 21120K, reserved 1067008K
  class space    used 2569K, capacity 2657K, committed 2688K, reserved 1048576K
}
Event: 77.317 GC heap before
{Heap before GC invocations=9 (full 0):
 PSYoungGen      total 260608K, used 260598K [0x00000000d7000000, 0x00000000e7d00000, 0x0000000100000000)
  eden space 251904K, 100% used [0x00000000d7000000,0x00000000e6600000,0x00000000e6600000)
  from space 8704K, 99% used [0x00000000e7080000,0x00000000e78fdbd8,0x00000000e7900000)
  to   space 10752K, 0% used [0x00000000e6600000,0x00000000e6600000,0x00000000e7080000)
 ParOldGen       total 84992K, used 8343K [0x0000000085000000, 0x000000008a300000, 0x00000000d7000000)
  object space 84992K, 9% used [0x0000000085000000,0x0000000085825cc0,0x000000008a300000)
 Metaspace       used 20658K, capacity 21006K, committed 21248K, reserved 1067008K
  class space    used 2584K, capacity 2721K, committed 2816K, reserved 1048576K

